<?xml version="1.0" encoding="UTF-8"?>
<!-- Generated by org.testng.reporters.JUnitReportReporter -->
<testsuite hostname="DESKTOP-NDCIB2E" failures="0" tests="2" name="HOME_DEPOT.NewTest" time="0.021" errors="0" timestamp="2023-09-11T13:34:33 EDT" skipped="0">
  <testcase classname="HOME_DEPOT.NewTest" name="f1" time="0.016"/>
  <testcase classname="HOME_DEPOT.NewTest" name="f2" time="0.005"/>
</testsuite> <!-- HOME_DEPOT.NewTest -->
