<?xml version="1.0" encoding="UTF-8"?>
<!-- Generated by org.testng.reporters.JUnitReportReporter -->
<testsuite hostname="DESKTOP-NDCIB2E" failures="0" tests="2" name="HOME_DEPOT.Baseclass_homedepot" time="0.016" errors="0" timestamp="2023-09-11T09:59:55 EDT" skipped="0">
  <testcase classname="HOME_DEPOT.Baseclass_homedepot" name="f1" time="0.015"/>
  <testcase classname="HOME_DEPOT.Baseclass_homedepot" name="f2" time="0.001"/>
</testsuite> <!-- HOME_DEPOT.Baseclass_homedepot -->
