<?xml version="1.0" encoding="UTF-8"?>
<!-- Generated by org.testng.reporters.JUnitReportReporter -->
<testsuite hostname="DESKTOP-NDCIB2E" failures="0" tests="2" name="HOME_DEPOT.new_test" time="19.190" errors="0" timestamp="2023-09-11T21:48:41 EDT" skipped="0">
  <testcase classname="HOME_DEPOT.new_test" name="f1" time="0.002"/>
  <testcase classname="HOME_DEPOT.new_test" name="create_account" time="19.188"/>
</testsuite> <!-- HOME_DEPOT.new_test -->
