<?xml version="1.0" encoding="UTF-8"?>
<!-- Generated by org.testng.reporters.JUnitReportReporter -->
<testsuite hostname="DESKTOP-NDCIB2E" failures="0" tests="1" name="Amazon.Base_class_Amazon" time="31.158" errors="0" timestamp="2023-09-21T12:53:34 EDT" skipped="0">
  <testcase classname="Amazon.Base_class_Amazon" name="f" time="31.158"/>
</testsuite> <!-- Amazon.Base_class_Amazon -->
