<?xml version="1.0" encoding="UTF-8"?>
<!-- Generated by org.testng.reporters.JUnitReportReporter -->
<testsuite hostname="DESKTOP-NDCIB2E" failures="0" tests="1" name="expedia.Baseclass_expedia" time="4.971" errors="0" timestamp="2023-09-21T09:07:02 EDT" skipped="0">
  <testcase classname="expedia.Baseclass_expedia" name="f" time="4.971"/>
</testsuite> <!-- expedia.Baseclass_expedia -->
