<?xml version="1.0" encoding="UTF-8"?>
<!-- Generated by org.testng.reporters.JUnitReportReporter -->
<testsuite hostname="DESKTOP-NDCIB2E" failures="0" tests="1" name="HOME_DEPOT.Baseclass_homedepot_create_acc" time="3.361" errors="0" timestamp="2023-09-11T13:33:53 EDT" skipped="0">
  <testcase classname="HOME_DEPOT.Baseclass_homedepot_create_acc" name="f" time="3.361"/>
</testsuite> <!-- HOME_DEPOT.Baseclass_homedepot_create_acc -->
